{"D:\\SafeFolder\\src\\designsystem\\packages\\components\\components\\elvis-accordion\\react.js": {"path":"D:\\SafeFolder\\src\\designsystem\\packages\\components\\components\\elvis-accordion\\react.js","statementMap":{},"fnMap":{},"branchMap":{},"s":{},"f":{},"b":{},"_coverageSchema":"1a1c01bbd47fc00a2c39e90264f33305004495a9","hash":"a79bc71ceed98fa3240232ec91a3fdd7b6b1888b"}
,"D:\\SafeFolder\\src\\designsystem\\packages\\components\\components\\elvis-accordion\\dist\\react\\js\\elvia-accordion.js": {"path":"D:\\SafeFolder\\src\\designsystem\\packages\\components\\components\\elvis-accordion\\dist\\react\\js\\elvia-accordion.js","statementMap":{"0":{"start":{"line":8,"column":20},"end":{"line":12,"column":1}},"1":{"start":{"line":13,"column":22},"end":{"line":17,"column":1}},"2":{"start":{"line":19,"column":28},"end":{"line":31,"column":1}},"3":{"start":{"line":20,"column":2},"end":{"line":22,"column":3}},"4":{"start":{"line":21,"column":4},"end":{"line":21,"column":20}},"5":{"start":{"line":24,"column":2},"end":{"line":26,"column":3}},"6":{"start":{"line":25,"column":4},"end":{"line":25,"column":22}},"7":{"start":{"line":28,"column":2},"end":{"line":30,"column":3}},"8":{"start":{"line":29,"column":4},"end":{"line":29,"column":19}},"9":{"start":{"line":33,"column":28},"end":{"line":39,"column":1}},"10":{"start":{"line":35,"column":30},"end":{"line":35,"column":70}},"11":{"start":{"line":38,"column":25},"end":{"line":38,"column":65}},"12":{"start":{"line":41,"column":29},"end":{"line":55,"column":1}},"13":{"start":{"line":42,"column":2},"end":{"line":44,"column":3}},"14":{"start":{"line":43,"column":4},"end":{"line":43,"column":18}},"15":{"start":{"line":46,"column":2},"end":{"line":48,"column":3}},"16":{"start":{"line":47,"column":4},"end":{"line":47,"column":18}},"17":{"start":{"line":50,"column":2},"end":{"line":52,"column":3}},"18":{"start":{"line":51,"column":4},"end":{"line":51,"column":18}},"19":{"start":{"line":54,"column":2},"end":{"line":54,"column":16}},"20":{"start":{"line":57,"column":24},"end":{"line":95,"column":1}},"21":{"start":{"line":64,"column":24},"end":{"line":64,"column":56}},"22":{"start":{"line":65,"column":26},"end":{"line":65,"column":66}},"23":{"start":{"line":76,"column":2},"end":{"line":78,"column":3}},"24":{"start":{"line":77,"column":4},"end":{"line":77,"column":18}},"25":{"start":{"line":80,"column":2},"end":{"line":80,"column":16}},"26":{"start":{"line":90,"column":23},"end":{"line":90,"column":63}},"27":{"start":{"line":91,"column":22},"end":{"line":91,"column":62}},"28":{"start":{"line":93,"column":26},"end":{"line":93,"column":118}},"29":{"start":{"line":97,"column":31},"end":{"line":109,"column":1}},"30":{"start":{"line":98,"column":2},"end":{"line":100,"column":3}},"31":{"start":{"line":99,"column":4},"end":{"line":99,"column":17}},"32":{"start":{"line":102,"column":2},"end":{"line":108,"column":3}},"33":{"start":{"line":103,"column":4},"end":{"line":107,"column":5}},"34":{"start":{"line":104,"column":6},"end":{"line":104,"column":20}},"35":{"start":{"line":106,"column":6},"end":{"line":106,"column":20}},"36":{"start":{"line":111,"column":31},"end":{"line":127,"column":1}},"37":{"start":{"line":112,"column":2},"end":{"line":118,"column":3}},"38":{"start":{"line":113,"column":4},"end":{"line":117,"column":5}},"39":{"start":{"line":114,"column":6},"end":{"line":114,"column":23}},"40":{"start":{"line":116,"column":6},"end":{"line":116,"column":19}},"41":{"start":{"line":120,"column":2},"end":{"line":126,"column":3}},"42":{"start":{"line":121,"column":4},"end":{"line":125,"column":5}},"43":{"start":{"line":122,"column":6},"end":{"line":122,"column":23}},"44":{"start":{"line":124,"column":6},"end":{"line":124,"column":31}},"45":{"start":{"line":129,"column":29},"end":{"line":139,"column":1}},"46":{"start":{"line":130,"column":2},"end":{"line":132,"column":3}},"47":{"start":{"line":131,"column":4},"end":{"line":131,"column":15}},"48":{"start":{"line":134,"column":2},"end":{"line":136,"column":3}},"49":{"start":{"line":135,"column":4},"end":{"line":135,"column":15}},"50":{"start":{"line":138,"column":2},"end":{"line":138,"column":13}},"51":{"start":{"line":141,"column":31},"end":{"line":147,"column":1}},"52":{"start":{"line":142,"column":2},"end":{"line":144,"column":3}},"53":{"start":{"line":143,"column":4},"end":{"line":143,"column":20}},"54":{"start":{"line":146,"column":2},"end":{"line":146,"column":16}},"55":{"start":{"line":149,"column":32},"end":{"line":159,"column":1}},"56":{"start":{"line":150,"column":2},"end":{"line":156,"column":3}},"57":{"start":{"line":151,"column":4},"end":{"line":155,"column":5}},"58":{"start":{"line":152,"column":6},"end":{"line":152,"column":37}},"59":{"start":{"line":154,"column":6},"end":{"line":154,"column":20}},"60":{"start":{"line":158,"column":2},"end":{"line":158,"column":29}},"61":{"start":{"line":161,"column":25},"end":{"line":179,"column":1}},"62":{"start":{"line":167,"column":25},"end":{"line":167,"column":92}},"63":{"start":{"line":168,"column":29},"end":{"line":168,"column":66}},"64":{"start":{"line":170,"column":25},"end":{"line":170,"column":80}},"65":{"start":{"line":171,"column":22},"end":{"line":171,"column":75}},"66":{"start":{"line":172,"column":25},"end":{"line":172,"column":80}},"67":{"start":{"line":173,"column":25},"end":{"line":173,"column":81}},"68":{"start":{"line":181,"column":18},"end":{"line":238,"column":1}},"69":{"start":{"line":189,"column":40},"end":{"line":189,"column":55}},"70":{"start":{"line":190,"column":23},"end":{"line":190,"column":35}},"71":{"start":{"line":191,"column":24},"end":{"line":191,"column":36}},"72":{"start":{"line":193,"column":2},"end":{"line":200,"column":9}},"73":{"start":{"line":195,"column":4},"end":{"line":195,"column":50}},"74":{"start":{"line":196,"column":4},"end":{"line":199,"column":6}},"75":{"start":{"line":198,"column":6},"end":{"line":198,"column":58}},"76":{"start":{"line":201,"column":2},"end":{"line":211,"column":5}},"77":{"start":{"line":203,"column":4},"end":{"line":210,"column":5}},"78":{"start":{"line":204,"column":6},"end":{"line":209,"column":9}},"79":{"start":{"line":205,"column":8},"end":{"line":208,"column":9}},"80":{"start":{"line":206,"column":10},"end":{"line":206,"column":47}},"81":{"start":{"line":207,"column":10},"end":{"line":207,"column":53}},"82":{"start":{"line":212,"column":2},"end":{"line":237,"column":15}},"83":{"start":{"line":230,"column":19},"end":{"line":230,"column":62}},"84":{"start":{"line":230,"column":49},"end":{"line":230,"column":61}}},"fnMap":{"0":{"name":"(anonymous_0)","decl":{"start":{"line":19,"column":28},"end":{"line":19,"column":29}},"loc":{"start":{"line":19,"column":36},"end":{"line":31,"column":1}},"line":19},"1":{"name":"(anonymous_1)","decl":{"start":{"line":35,"column":21},"end":{"line":35,"column":22}},"loc":{"start":{"line":35,"column":30},"end":{"line":35,"column":70}},"line":35},"2":{"name":"(anonymous_2)","decl":{"start":{"line":38,"column":16},"end":{"line":38,"column":17}},"loc":{"start":{"line":38,"column":25},"end":{"line":38,"column":65}},"line":38},"3":{"name":"(anonymous_3)","decl":{"start":{"line":41,"column":29},"end":{"line":41,"column":30}},"loc":{"start":{"line":41,"column":37},"end":{"line":55,"column":1}},"line":41},"4":{"name":"(anonymous_4)","decl":{"start":{"line":64,"column":15},"end":{"line":64,"column":16}},"loc":{"start":{"line":64,"column":24},"end":{"line":64,"column":56}},"line":64},"5":{"name":"(anonymous_5)","decl":{"start":{"line":65,"column":17},"end":{"line":65,"column":18}},"loc":{"start":{"line":65,"column":26},"end":{"line":65,"column":66}},"line":65},"6":{"name":"(anonymous_6)","decl":{"start":{"line":75,"column":19},"end":{"line":75,"column":20}},"loc":{"start":{"line":75,"column":28},"end":{"line":81,"column":1}},"line":75},"7":{"name":"(anonymous_7)","decl":{"start":{"line":90,"column":14},"end":{"line":90,"column":15}},"loc":{"start":{"line":90,"column":23},"end":{"line":90,"column":63}},"line":90},"8":{"name":"(anonymous_8)","decl":{"start":{"line":91,"column":13},"end":{"line":91,"column":14}},"loc":{"start":{"line":91,"column":22},"end":{"line":91,"column":62}},"line":91},"9":{"name":"(anonymous_9)","decl":{"start":{"line":93,"column":17},"end":{"line":93,"column":18}},"loc":{"start":{"line":93,"column":26},"end":{"line":93,"column":118}},"line":93},"10":{"name":"(anonymous_10)","decl":{"start":{"line":97,"column":31},"end":{"line":97,"column":32}},"loc":{"start":{"line":97,"column":60},"end":{"line":109,"column":1}},"line":97},"11":{"name":"(anonymous_11)","decl":{"start":{"line":111,"column":31},"end":{"line":111,"column":32}},"loc":{"start":{"line":111,"column":54},"end":{"line":127,"column":1}},"line":111},"12":{"name":"(anonymous_12)","decl":{"start":{"line":129,"column":29},"end":{"line":129,"column":30}},"loc":{"start":{"line":129,"column":52},"end":{"line":139,"column":1}},"line":129},"13":{"name":"(anonymous_13)","decl":{"start":{"line":141,"column":31},"end":{"line":141,"column":32}},"loc":{"start":{"line":141,"column":54},"end":{"line":147,"column":1}},"line":141},"14":{"name":"(anonymous_14)","decl":{"start":{"line":149,"column":32},"end":{"line":149,"column":33}},"loc":{"start":{"line":149,"column":55},"end":{"line":159,"column":1}},"line":149},"15":{"name":"(anonymous_15)","decl":{"start":{"line":167,"column":16},"end":{"line":167,"column":17}},"loc":{"start":{"line":167,"column":25},"end":{"line":167,"column":92}},"line":167},"16":{"name":"(anonymous_16)","decl":{"start":{"line":168,"column":20},"end":{"line":168,"column":21}},"loc":{"start":{"line":168,"column":29},"end":{"line":168,"column":66}},"line":168},"17":{"name":"(anonymous_17)","decl":{"start":{"line":170,"column":16},"end":{"line":170,"column":17}},"loc":{"start":{"line":170,"column":25},"end":{"line":170,"column":80}},"line":170},"18":{"name":"(anonymous_18)","decl":{"start":{"line":171,"column":13},"end":{"line":171,"column":14}},"loc":{"start":{"line":171,"column":22},"end":{"line":171,"column":75}},"line":171},"19":{"name":"(anonymous_19)","decl":{"start":{"line":172,"column":16},"end":{"line":172,"column":17}},"loc":{"start":{"line":172,"column":25},"end":{"line":172,"column":80}},"line":172},"20":{"name":"(anonymous_20)","decl":{"start":{"line":173,"column":16},"end":{"line":173,"column":17}},"loc":{"start":{"line":173,"column":25},"end":{"line":173,"column":81}},"line":173},"21":{"name":"(anonymous_21)","decl":{"start":{"line":181,"column":18},"end":{"line":181,"column":19}},"loc":{"start":{"line":188,"column":6},"end":{"line":238,"column":1}},"line":188},"22":{"name":"(anonymous_22)","decl":{"start":{"line":193,"column":12},"end":{"line":193,"column":13}},"loc":{"start":{"line":193,"column":18},"end":{"line":200,"column":3}},"line":193},"23":{"name":"(anonymous_23)","decl":{"start":{"line":196,"column":11},"end":{"line":196,"column":12}},"loc":{"start":{"line":196,"column":17},"end":{"line":199,"column":5}},"line":196},"24":{"name":"(anonymous_24)","decl":{"start":{"line":201,"column":12},"end":{"line":201,"column":13}},"loc":{"start":{"line":201,"column":18},"end":{"line":211,"column":3}},"line":201},"25":{"name":"(anonymous_25)","decl":{"start":{"line":204,"column":90},"end":{"line":204,"column":91}},"loc":{"start":{"line":204,"column":101},"end":{"line":209,"column":7}},"line":204},"26":{"name":"(anonymous_26)","decl":{"start":{"line":230,"column":13},"end":{"line":230,"column":14}},"loc":{"start":{"line":230,"column":19},"end":{"line":230,"column":62}},"line":230},"27":{"name":"(anonymous_27)","decl":{"start":{"line":230,"column":34},"end":{"line":230,"column":35}},"loc":{"start":{"line":230,"column":49},"end":{"line":230,"column":61}},"line":230}},"branchMap":{"0":{"loc":{"start":{"line":20,"column":2},"end":{"line":22,"column":3}},"type":"if","locations":[{"start":{"line":20,"column":2},"end":{"line":22,"column":3}},{"start":{"line":20,"column":2},"end":{"line":22,"column":3}}],"line":20},"1":{"loc":{"start":{"line":24,"column":2},"end":{"line":26,"column":3}},"type":"if","locations":[{"start":{"line":24,"column":2},"end":{"line":26,"column":3}},{"start":{"line":24,"column":2},"end":{"line":26,"column":3}}],"line":24},"2":{"loc":{"start":{"line":28,"column":2},"end":{"line":30,"column":3}},"type":"if","locations":[{"start":{"line":28,"column":2},"end":{"line":30,"column":3}},{"start":{"line":28,"column":2},"end":{"line":30,"column":3}}],"line":28},"3":{"loc":{"start":{"line":38,"column":25},"end":{"line":38,"column":65}},"type":"cond-expr","locations":[{"start":{"line":38,"column":53},"end":{"line":38,"column":56}},{"start":{"line":38,"column":59},"end":{"line":38,"column":65}}],"line":38},"4":{"loc":{"start":{"line":42,"column":2},"end":{"line":44,"column":3}},"type":"if","locations":[{"start":{"line":42,"column":2},"end":{"line":44,"column":3}},{"start":{"line":42,"column":2},"end":{"line":44,"column":3}}],"line":42},"5":{"loc":{"start":{"line":46,"column":2},"end":{"line":48,"column":3}},"type":"if","locations":[{"start":{"line":46,"column":2},"end":{"line":48,"column":3}},{"start":{"line":46,"column":2},"end":{"line":48,"column":3}}],"line":46},"6":{"loc":{"start":{"line":50,"column":2},"end":{"line":52,"column":3}},"type":"if","locations":[{"start":{"line":50,"column":2},"end":{"line":52,"column":3}},{"start":{"line":50,"column":2},"end":{"line":52,"column":3}}],"line":50},"7":{"loc":{"start":{"line":65,"column":26},"end":{"line":65,"column":66}},"type":"cond-expr","locations":[{"start":{"line":65,"column":51},"end":{"line":65,"column":57}},{"start":{"line":65,"column":60},"end":{"line":65,"column":66}}],"line":65},"8":{"loc":{"start":{"line":76,"column":2},"end":{"line":78,"column":3}},"type":"if","locations":[{"start":{"line":76,"column":2},"end":{"line":78,"column":3}},{"start":{"line":76,"column":2},"end":{"line":78,"column":3}}],"line":76},"9":{"loc":{"start":{"line":76,"column":6},"end":{"line":76,"column":69}},"type":"binary-expr","locations":[{"start":{"line":76,"column":6},"end":{"line":76,"column":35}},{"start":{"line":76,"column":39},"end":{"line":76,"column":69}}],"line":76},"10":{"loc":{"start":{"line":90,"column":23},"end":{"line":90,"column":63}},"type":"cond-expr","locations":[{"start":{"line":90,"column":48},"end":{"line":90,"column":54}},{"start":{"line":90,"column":57},"end":{"line":90,"column":63}}],"line":90},"11":{"loc":{"start":{"line":91,"column":22},"end":{"line":91,"column":62}},"type":"cond-expr","locations":[{"start":{"line":91,"column":47},"end":{"line":91,"column":53}},{"start":{"line":91,"column":56},"end":{"line":91,"column":62}}],"line":91},"12":{"loc":{"start":{"line":93,"column":26},"end":{"line":93,"column":118}},"type":"binary-expr","locations":[{"start":{"line":93,"column":26},"end":{"line":93,"column":45}},{"start":{"line":93,"column":49},"end":{"line":93,"column":66}},{"start":{"line":93,"column":70},"end":{"line":93,"column":99}},{"start":{"line":93,"column":103},"end":{"line":93,"column":118}}],"line":93},"13":{"loc":{"start":{"line":98,"column":2},"end":{"line":100,"column":3}},"type":"if","locations":[{"start":{"line":98,"column":2},"end":{"line":100,"column":3}},{"start":{"line":98,"column":2},"end":{"line":100,"column":3}}],"line":98},"14":{"loc":{"start":{"line":102,"column":2},"end":{"line":108,"column":3}},"type":"if","locations":[{"start":{"line":102,"column":2},"end":{"line":108,"column":3}},{"start":{"line":102,"column":2},"end":{"line":108,"column":3}}],"line":102},"15":{"loc":{"start":{"line":103,"column":4},"end":{"line":107,"column":5}},"type":"if","locations":[{"start":{"line":103,"column":4},"end":{"line":107,"column":5}},{"start":{"line":103,"column":4},"end":{"line":107,"column":5}}],"line":103},"16":{"loc":{"start":{"line":112,"column":2},"end":{"line":118,"column":3}},"type":"if","locations":[{"start":{"line":112,"column":2},"end":{"line":118,"column":3}},{"start":{"line":112,"column":2},"end":{"line":118,"column":3}}],"line":112},"17":{"loc":{"start":{"line":113,"column":4},"end":{"line":117,"column":5}},"type":"if","locations":[{"start":{"line":113,"column":4},"end":{"line":117,"column":5}},{"start":{"line":113,"column":4},"end":{"line":117,"column":5}}],"line":113},"18":{"loc":{"start":{"line":120,"column":2},"end":{"line":126,"column":3}},"type":"if","locations":[{"start":{"line":120,"column":2},"end":{"line":126,"column":3}},{"start":{"line":120,"column":2},"end":{"line":126,"column":3}}],"line":120},"19":{"loc":{"start":{"line":121,"column":4},"end":{"line":125,"column":5}},"type":"if","locations":[{"start":{"line":121,"column":4},"end":{"line":125,"column":5}},{"start":{"line":121,"column":4},"end":{"line":125,"column":5}}],"line":121},"20":{"loc":{"start":{"line":130,"column":2},"end":{"line":132,"column":3}},"type":"if","locations":[{"start":{"line":130,"column":2},"end":{"line":132,"column":3}},{"start":{"line":130,"column":2},"end":{"line":132,"column":3}}],"line":130},"21":{"loc":{"start":{"line":134,"column":2},"end":{"line":136,"column":3}},"type":"if","locations":[{"start":{"line":134,"column":2},"end":{"line":136,"column":3}},{"start":{"line":134,"column":2},"end":{"line":136,"column":3}}],"line":134},"22":{"loc":{"start":{"line":134,"column":6},"end":{"line":134,"column":41}},"type":"binary-expr","locations":[{"start":{"line":134,"column":6},"end":{"line":134,"column":18}},{"start":{"line":134,"column":22},"end":{"line":134,"column":41}}],"line":134},"23":{"loc":{"start":{"line":142,"column":2},"end":{"line":144,"column":3}},"type":"if","locations":[{"start":{"line":142,"column":2},"end":{"line":144,"column":3}},{"start":{"line":142,"column":2},"end":{"line":144,"column":3}}],"line":142},"24":{"loc":{"start":{"line":142,"column":6},"end":{"line":142,"column":40}},"type":"binary-expr","locations":[{"start":{"line":142,"column":6},"end":{"line":142,"column":17}},{"start":{"line":142,"column":21},"end":{"line":142,"column":40}}],"line":142},"25":{"loc":{"start":{"line":150,"column":2},"end":{"line":156,"column":3}},"type":"if","locations":[{"start":{"line":150,"column":2},"end":{"line":156,"column":3}},{"start":{"line":150,"column":2},"end":{"line":156,"column":3}}],"line":150},"26":{"loc":{"start":{"line":151,"column":4},"end":{"line":155,"column":5}},"type":"if","locations":[{"start":{"line":151,"column":4},"end":{"line":155,"column":5}},{"start":{"line":151,"column":4},"end":{"line":155,"column":5}}],"line":151},"27":{"loc":{"start":{"line":168,"column":29},"end":{"line":168,"column":66}},"type":"cond-expr","locations":[{"start":{"line":168,"column":51},"end":{"line":168,"column":57}},{"start":{"line":168,"column":60},"end":{"line":168,"column":66}}],"line":168},"28":{"loc":{"start":{"line":185,"column":2},"end":{"line":185,"column":26}},"type":"default-arg","locations":[{"start":{"line":185,"column":18},"end":{"line":185,"column":26}}],"line":185},"29":{"loc":{"start":{"line":186,"column":2},"end":{"line":186,"column":17}},"type":"default-arg","locations":[{"start":{"line":186,"column":9},"end":{"line":186,"column":17}}],"line":186},"30":{"loc":{"start":{"line":187,"column":2},"end":{"line":187,"column":17}},"type":"default-arg","locations":[{"start":{"line":187,"column":9},"end":{"line":187,"column":17}}],"line":187},"31":{"loc":{"start":{"line":203,"column":4},"end":{"line":210,"column":5}},"type":"if","locations":[{"start":{"line":203,"column":4},"end":{"line":210,"column":5}},{"start":{"line":203,"column":4},"end":{"line":210,"column":5}}],"line":203},"32":{"loc":{"start":{"line":203,"column":8},"end":{"line":203,"column":118}},"type":"binary-expr","locations":[{"start":{"line":203,"column":8},"end":{"line":203,"column":28}},{"start":{"line":203,"column":32},"end":{"line":203,"column":66}},{"start":{"line":203,"column":70},"end":{"line":203,"column":118}}],"line":203},"33":{"loc":{"start":{"line":205,"column":8},"end":{"line":208,"column":9}},"type":"if","locations":[{"start":{"line":205,"column":8},"end":{"line":208,"column":9}},{"start":{"line":205,"column":8},"end":{"line":208,"column":9}}],"line":205},"34":{"loc":{"start":{"line":205,"column":12},"end":{"line":205,"column":63}},"type":"binary-expr","locations":[{"start":{"line":205,"column":12},"end":{"line":205,"column":33}},{"start":{"line":205,"column":37},"end":{"line":205,"column":63}}],"line":205},"35":{"loc":{"start":{"line":216,"column":5},"end":{"line":222,"column":12}},"type":"cond-expr","locations":[{"start":{"line":216,"column":40},"end":{"line":222,"column":5}},{"start":{"line":222,"column":8},"end":{"line":222,"column":12}}],"line":216},"36":{"loc":{"start":{"line":220,"column":5},"end":{"line":220,"column":70}},"type":"binary-expr","locations":[{"start":{"line":220,"column":5},"end":{"line":220,"column":12}},{"start":{"line":220,"column":29},"end":{"line":220,"column":70}}],"line":220},"37":{"loc":{"start":{"line":220,"column":72},"end":{"line":222,"column":4}},"type":"binary-expr","locations":[{"start":{"line":220,"column":72},"end":{"line":220,"column":80}},{"start":{"line":220,"column":97},"end":{"line":222,"column":4}}],"line":220},"38":{"loc":{"start":{"line":231,"column":5},"end":{"line":231,"column":42}},"type":"cond-expr","locations":[{"start":{"line":231,"column":20},"end":{"line":231,"column":29}},{"start":{"line":231,"column":32},"end":{"line":231,"column":42}}],"line":231},"39":{"loc":{"start":{"line":231,"column":91},"end":{"line":237,"column":12}},"type":"cond-expr","locations":[{"start":{"line":231,"column":124},"end":{"line":237,"column":5}},{"start":{"line":237,"column":8},"end":{"line":237,"column":12}}],"line":231},"40":{"loc":{"start":{"line":235,"column":5},"end":{"line":235,"column":70}},"type":"binary-expr","locations":[{"start":{"line":235,"column":5},"end":{"line":235,"column":12}},{"start":{"line":235,"column":29},"end":{"line":235,"column":70}}],"line":235},"41":{"loc":{"start":{"line":235,"column":72},"end":{"line":237,"column":4}},"type":"binary-expr","locations":[{"start":{"line":235,"column":72},"end":{"line":235,"column":80}},{"start":{"line":235,"column":97},"end":{"line":237,"column":4}}],"line":235}},"s":{"0":1,"1":1,"2":1,"3":0,"4":0,"5":0,"6":0,"7":0,"8":0,"9":1,"10":0,"11":0,"12":1,"13":0,"14":0,"15":0,"16":0,"17":0,"18":0,"19":0,"20":1,"21":0,"22":0,"23":0,"24":0,"25":0,"26":0,"27":0,"28":0,"29":1,"30":0,"31":0,"32":0,"33":0,"34":0,"35":0,"36":1,"37":0,"38":0,"39":0,"40":0,"41":0,"42":0,"43":0,"44":0,"45":1,"46":0,"47":0,"48":0,"49":0,"50":0,"51":1,"52":0,"53":0,"54":0,"55":1,"56":0,"57":0,"58":0,"59":0,"60":0,"61":1,"62":0,"63":0,"64":0,"65":0,"66":0,"67":0,"68":1,"69":0,"70":0,"71":0,"72":0,"73":0,"74":0,"75":0,"76":0,"77":0,"78":0,"79":0,"80":0,"81":0,"82":0,"83":0,"84":0},"f":{"0":0,"1":0,"2":0,"3":0,"4":0,"5":0,"6":0,"7":0,"8":0,"9":0,"10":0,"11":0,"12":0,"13":0,"14":0,"15":0,"16":0,"17":0,"18":0,"19":0,"20":0,"21":0,"22":0,"23":0,"24":0,"25":0,"26":0,"27":0},"b":{"0":[0,0],"1":[0,0],"2":[0,0],"3":[0,0],"4":[0,0],"5":[0,0],"6":[0,0],"7":[0,0],"8":[0,0],"9":[0,0],"10":[0,0],"11":[0,0],"12":[0,0,0,0],"13":[0,0],"14":[0,0],"15":[0,0],"16":[0,0],"17":[0,0],"18":[0,0],"19":[0,0],"20":[0,0],"21":[0,0],"22":[0,0],"23":[0,0],"24":[0,0],"25":[0,0],"26":[0,0],"27":[0,0],"28":[0],"29":[0],"30":[0],"31":[0,0],"32":[0,0,0],"33":[0,0],"34":[0,0],"35":[0,0],"36":[0,0],"37":[0,0],"38":[0,0],"39":[0,0],"40":[0,0],"41":[0,0]},"_coverageSchema":"1a1c01bbd47fc00a2c39e90264f33305004495a9","hash":"cba3257b7f935ecc6bccd123adc4026588550722"}
,"D:\\SafeFolder\\src\\designsystem\\packages\\components\\components\\elvis-toolbox\\dist\\elvis-toolbox.js": {"path":"D:\\SafeFolder\\src\\designsystem\\packages\\components\\components\\elvis-toolbox\\dist\\elvis-toolbox.js","statementMap":{"0":{"start":{"line":7,"column":17},"end":{"line":9,"column":1}},"1":{"start":{"line":8,"column":2},"end":{"line":8,"column":46}},"2":{"start":{"line":11,"column":24},"end":{"line":42,"column":1}},"3":{"start":{"line":12,"column":2},"end":{"line":14,"column":3}},"4":{"start":{"line":13,"column":4},"end":{"line":13,"column":11}},"5":{"start":{"line":16,"column":21},"end":{"line":22,"column":3}},"6":{"start":{"line":17,"column":4},"end":{"line":21,"column":5}},"7":{"start":{"line":18,"column":6},"end":{"line":18,"column":49}},"8":{"start":{"line":20,"column":6},"end":{"line":20,"column":66}},"9":{"start":{"line":24,"column":24},"end":{"line":30,"column":3}},"10":{"start":{"line":25,"column":4},"end":{"line":29,"column":5}},"11":{"start":{"line":26,"column":6},"end":{"line":26,"column":46}},"12":{"start":{"line":28,"column":6},"end":{"line":28,"column":69}},"13":{"start":{"line":33,"column":2},"end":{"line":37,"column":3}},"14":{"start":{"line":34,"column":4},"end":{"line":34,"column":55}},"15":{"start":{"line":35,"column":4},"end":{"line":35,"column":67}},"16":{"start":{"line":36,"column":4},"end":{"line":36,"column":11}},"17":{"start":{"line":40,"column":2},"end":{"line":40,"column":50}},"18":{"start":{"line":41,"column":2},"end":{"line":41,"column":62}}},"fnMap":{"0":{"name":"(anonymous_0)","decl":{"start":{"line":7,"column":17},"end":{"line":7,"column":18}},"loc":{"start":{"line":7,"column":43},"end":{"line":9,"column":1}},"line":7},"1":{"name":"(anonymous_1)","decl":{"start":{"line":11,"column":24},"end":{"line":11,"column":25}},"loc":{"start":{"line":11,"column":46},"end":{"line":42,"column":1}},"line":11},"2":{"name":"(anonymous_2)","decl":{"start":{"line":16,"column":21},"end":{"line":16,"column":22}},"loc":{"start":{"line":16,"column":26},"end":{"line":22,"column":3}},"line":16},"3":{"name":"(anonymous_3)","decl":{"start":{"line":24,"column":24},"end":{"line":24,"column":25}},"loc":{"start":{"line":24,"column":30},"end":{"line":30,"column":3}},"line":24}},"branchMap":{"0":{"loc":{"start":{"line":12,"column":2},"end":{"line":14,"column":3}},"type":"if","locations":[{"start":{"line":12,"column":2},"end":{"line":14,"column":3}},{"start":{"line":12,"column":2},"end":{"line":14,"column":3}}],"line":12},"1":{"loc":{"start":{"line":17,"column":4},"end":{"line":21,"column":5}},"type":"if","locations":[{"start":{"line":17,"column":4},"end":{"line":21,"column":5}},{"start":{"line":17,"column":4},"end":{"line":21,"column":5}}],"line":17},"2":{"loc":{"start":{"line":17,"column":8},"end":{"line":17,"column":71}},"type":"binary-expr","locations":[{"start":{"line":17,"column":8},"end":{"line":17,"column":23}},{"start":{"line":17,"column":27},"end":{"line":17,"column":71}}],"line":17},"3":{"loc":{"start":{"line":25,"column":4},"end":{"line":29,"column":5}},"type":"if","locations":[{"start":{"line":25,"column":4},"end":{"line":29,"column":5}},{"start":{"line":25,"column":4},"end":{"line":29,"column":5}}],"line":25},"4":{"loc":{"start":{"line":33,"column":2},"end":{"line":37,"column":3}},"type":"if","locations":[{"start":{"line":33,"column":2},"end":{"line":37,"column":3}},{"start":{"line":33,"column":2},"end":{"line":37,"column":3}}],"line":33}},"s":{"0":1,"1":0,"2":1,"3":0,"4":0,"5":0,"6":0,"7":0,"8":0,"9":0,"10":0,"11":0,"12":0,"13":0,"14":0,"15":0,"16":0,"17":0,"18":0},"f":{"0":0,"1":0,"2":0,"3":0},"b":{"0":[0,0],"1":[0,0],"2":[0,0],"3":[0,0],"4":[0,0]},"_coverageSchema":"1a1c01bbd47fc00a2c39e90264f33305004495a9","hash":"bd7c9f21529ce0924dff641782e80b6171baf37f"}
}
