{"/Users/fs/Documents/Kode/Hafslund/designsystem/packages/components/components/elvis-accordion/react.js": {"path":"/Users/fs/Documents/Kode/Hafslund/designsystem/packages/components/components/elvis-accordion/react.js","statementMap":{},"fnMap":{},"branchMap":{},"s":{},"f":{},"b":{},"_coverageSchema":"1a1c01bbd47fc00a2c39e90264f33305004495a9","hash":"a96c82ccad69239f70446e9f1d7f454363177830"}
,"/Users/fs/Documents/Kode/Hafslund/designsystem/packages/components/components/elvis-accordion/dist/react/js/elvia-accordion.js": {"path":"/Users/fs/Documents/Kode/Hafslund/designsystem/packages/components/components/elvis-accordion/dist/react/js/elvia-accordion.js","statementMap":{"0":{"start":{"line":8,"column":20},"end":{"line":12,"column":1}},"1":{"start":{"line":13,"column":22},"end":{"line":16,"column":61}},"2":{"start":{"line":18,"column":28},"end":{"line":32,"column":1}},"3":{"start":{"line":19,"column":2},"end":{"line":21,"column":3}},"4":{"start":{"line":20,"column":4},"end":{"line":20,"column":20}},"5":{"start":{"line":23,"column":2},"end":{"line":25,"column":3}},"6":{"start":{"line":24,"column":4},"end":{"line":24,"column":22}},"7":{"start":{"line":27,"column":2},"end":{"line":29,"column":3}},"8":{"start":{"line":28,"column":4},"end":{"line":28,"column":19}},"9":{"start":{"line":31,"column":2},"end":{"line":31,"column":22}},"10":{"start":{"line":34,"column":28},"end":{"line":37,"column":197}},"11":{"start":{"line":37,"column":105},"end":{"line":37,"column":145}},"12":{"start":{"line":37,"column":156},"end":{"line":37,"column":196}},"13":{"start":{"line":39,"column":29},"end":{"line":53,"column":1}},"14":{"start":{"line":40,"column":2},"end":{"line":42,"column":3}},"15":{"start":{"line":41,"column":4},"end":{"line":41,"column":18}},"16":{"start":{"line":44,"column":2},"end":{"line":46,"column":3}},"17":{"start":{"line":45,"column":4},"end":{"line":45,"column":18}},"18":{"start":{"line":48,"column":2},"end":{"line":50,"column":3}},"19":{"start":{"line":49,"column":4},"end":{"line":49,"column":18}},"20":{"start":{"line":52,"column":2},"end":{"line":52,"column":16}},"21":{"start":{"line":55,"column":24},"end":{"line":64,"column":228}},"22":{"start":{"line":58,"column":1715},"end":{"line":58,"column":1747}},"23":{"start":{"line":58,"column":1758},"end":{"line":58,"column":1798}},"24":{"start":{"line":59,"column":2},"end":{"line":61,"column":3}},"25":{"start":{"line":60,"column":4},"end":{"line":60,"column":18}},"26":{"start":{"line":63,"column":2},"end":{"line":63,"column":16}},"27":{"start":{"line":64,"column":33},"end":{"line":64,"column":73}},"28":{"start":{"line":64,"column":84},"end":{"line":64,"column":124}},"29":{"start":{"line":64,"column":135},"end":{"line":64,"column":227}},"30":{"start":{"line":66,"column":31},"end":{"line":80,"column":1}},"31":{"start":{"line":67,"column":2},"end":{"line":69,"column":3}},"32":{"start":{"line":68,"column":4},"end":{"line":68,"column":17}},"33":{"start":{"line":71,"column":2},"end":{"line":77,"column":3}},"34":{"start":{"line":72,"column":4},"end":{"line":76,"column":5}},"35":{"start":{"line":73,"column":6},"end":{"line":73,"column":20}},"36":{"start":{"line":75,"column":6},"end":{"line":75,"column":20}},"37":{"start":{"line":79,"column":2},"end":{"line":79,"column":13}},"38":{"start":{"line":82,"column":31},"end":{"line":100,"column":1}},"39":{"start":{"line":83,"column":2},"end":{"line":89,"column":3}},"40":{"start":{"line":84,"column":4},"end":{"line":88,"column":5}},"41":{"start":{"line":85,"column":6},"end":{"line":85,"column":23}},"42":{"start":{"line":87,"column":6},"end":{"line":87,"column":19}},"43":{"start":{"line":91,"column":2},"end":{"line":97,"column":3}},"44":{"start":{"line":92,"column":4},"end":{"line":96,"column":5}},"45":{"start":{"line":93,"column":6},"end":{"line":93,"column":23}},"46":{"start":{"line":95,"column":6},"end":{"line":95,"column":31}},"47":{"start":{"line":99,"column":2},"end":{"line":99,"column":16}},"48":{"start":{"line":102,"column":29},"end":{"line":112,"column":1}},"49":{"start":{"line":103,"column":2},"end":{"line":105,"column":3}},"50":{"start":{"line":104,"column":4},"end":{"line":104,"column":15}},"51":{"start":{"line":107,"column":2},"end":{"line":109,"column":3}},"52":{"start":{"line":108,"column":4},"end":{"line":108,"column":15}},"53":{"start":{"line":111,"column":2},"end":{"line":111,"column":13}},"54":{"start":{"line":114,"column":31},"end":{"line":120,"column":1}},"55":{"start":{"line":115,"column":2},"end":{"line":117,"column":3}},"56":{"start":{"line":116,"column":4},"end":{"line":116,"column":20}},"57":{"start":{"line":119,"column":2},"end":{"line":119,"column":16}},"58":{"start":{"line":122,"column":32},"end":{"line":132,"column":1}},"59":{"start":{"line":123,"column":2},"end":{"line":129,"column":3}},"60":{"start":{"line":124,"column":4},"end":{"line":128,"column":5}},"61":{"start":{"line":125,"column":6},"end":{"line":125,"column":37}},"62":{"start":{"line":127,"column":6},"end":{"line":127,"column":20}},"63":{"start":{"line":131,"column":2},"end":{"line":131,"column":29}},"64":{"start":{"line":134,"column":25},"end":{"line":137,"column":669}},"65":{"start":{"line":137,"column":290},"end":{"line":137,"column":357}},"66":{"start":{"line":137,"column":368},"end":{"line":137,"column":405}},"67":{"start":{"line":137,"column":416},"end":{"line":137,"column":471}},"68":{"start":{"line":137,"column":482},"end":{"line":137,"column":535}},"69":{"start":{"line":137,"column":546},"end":{"line":137,"column":601}},"70":{"start":{"line":137,"column":612},"end":{"line":137,"column":668}},"71":{"start":{"line":139,"column":18},"end":{"line":201,"column":1}},"72":{"start":{"line":147,"column":40},"end":{"line":147,"column":55}},"73":{"start":{"line":148,"column":23},"end":{"line":148,"column":35}},"74":{"start":{"line":149,"column":24},"end":{"line":149,"column":36}},"75":{"start":{"line":151,"column":2},"end":{"line":163,"column":9}},"76":{"start":{"line":153,"column":4},"end":{"line":155,"column":5}},"77":{"start":{"line":154,"column":6},"end":{"line":154,"column":52}},"78":{"start":{"line":157,"column":4},"end":{"line":162,"column":6}},"79":{"start":{"line":159,"column":6},"end":{"line":161,"column":7}},"80":{"start":{"line":160,"column":8},"end":{"line":160,"column":60}},"81":{"start":{"line":164,"column":2},"end":{"line":174,"column":5}},"82":{"start":{"line":166,"column":4},"end":{"line":173,"column":5}},"83":{"start":{"line":167,"column":6},"end":{"line":172,"column":9}},"84":{"start":{"line":168,"column":8},"end":{"line":171,"column":9}},"85":{"start":{"line":169,"column":10},"end":{"line":169,"column":47}},"86":{"start":{"line":170,"column":10},"end":{"line":170,"column":53}},"87":{"start":{"line":175,"column":2},"end":{"line":200,"column":15}},"88":{"start":{"line":193,"column":19},"end":{"line":193,"column":62}},"89":{"start":{"line":193,"column":49},"end":{"line":193,"column":61}}},"fnMap":{"0":{"name":"(anonymous_0)","decl":{"start":{"line":18,"column":28},"end":{"line":18,"column":29}},"loc":{"start":{"line":18,"column":36},"end":{"line":32,"column":1}},"line":18},"1":{"name":"(anonymous_1)","decl":{"start":{"line":37,"column":96},"end":{"line":37,"column":97}},"loc":{"start":{"line":37,"column":105},"end":{"line":37,"column":145}},"line":37},"2":{"name":"(anonymous_2)","decl":{"start":{"line":37,"column":147},"end":{"line":37,"column":148}},"loc":{"start":{"line":37,"column":156},"end":{"line":37,"column":196}},"line":37},"3":{"name":"(anonymous_3)","decl":{"start":{"line":39,"column":29},"end":{"line":39,"column":30}},"loc":{"start":{"line":39,"column":37},"end":{"line":53,"column":1}},"line":39},"4":{"name":"(anonymous_4)","decl":{"start":{"line":58,"column":1706},"end":{"line":58,"column":1707}},"loc":{"start":{"line":58,"column":1715},"end":{"line":58,"column":1747}},"line":58},"5":{"name":"(anonymous_5)","decl":{"start":{"line":58,"column":1749},"end":{"line":58,"column":1750}},"loc":{"start":{"line":58,"column":1758},"end":{"line":58,"column":1798}},"line":58},"6":{"name":"(anonymous_6)","decl":{"start":{"line":58,"column":1800},"end":{"line":58,"column":1801}},"loc":{"start":{"line":58,"column":1809},"end":{"line":64,"column":1}},"line":58},"7":{"name":"(anonymous_7)","decl":{"start":{"line":64,"column":24},"end":{"line":64,"column":25}},"loc":{"start":{"line":64,"column":33},"end":{"line":64,"column":73}},"line":64},"8":{"name":"(anonymous_8)","decl":{"start":{"line":64,"column":75},"end":{"line":64,"column":76}},"loc":{"start":{"line":64,"column":84},"end":{"line":64,"column":124}},"line":64},"9":{"name":"(anonymous_9)","decl":{"start":{"line":64,"column":126},"end":{"line":64,"column":127}},"loc":{"start":{"line":64,"column":135},"end":{"line":64,"column":227}},"line":64},"10":{"name":"(anonymous_10)","decl":{"start":{"line":66,"column":31},"end":{"line":66,"column":32}},"loc":{"start":{"line":66,"column":60},"end":{"line":80,"column":1}},"line":66},"11":{"name":"(anonymous_11)","decl":{"start":{"line":82,"column":31},"end":{"line":82,"column":32}},"loc":{"start":{"line":82,"column":54},"end":{"line":100,"column":1}},"line":82},"12":{"name":"(anonymous_12)","decl":{"start":{"line":102,"column":29},"end":{"line":102,"column":30}},"loc":{"start":{"line":102,"column":52},"end":{"line":112,"column":1}},"line":102},"13":{"name":"(anonymous_13)","decl":{"start":{"line":114,"column":31},"end":{"line":114,"column":32}},"loc":{"start":{"line":114,"column":54},"end":{"line":120,"column":1}},"line":114},"14":{"name":"(anonymous_14)","decl":{"start":{"line":122,"column":32},"end":{"line":122,"column":33}},"loc":{"start":{"line":122,"column":55},"end":{"line":132,"column":1}},"line":122},"15":{"name":"(anonymous_15)","decl":{"start":{"line":137,"column":281},"end":{"line":137,"column":282}},"loc":{"start":{"line":137,"column":290},"end":{"line":137,"column":357}},"line":137},"16":{"name":"(anonymous_16)","decl":{"start":{"line":137,"column":359},"end":{"line":137,"column":360}},"loc":{"start":{"line":137,"column":368},"end":{"line":137,"column":405}},"line":137},"17":{"name":"(anonymous_17)","decl":{"start":{"line":137,"column":407},"end":{"line":137,"column":408}},"loc":{"start":{"line":137,"column":416},"end":{"line":137,"column":471}},"line":137},"18":{"name":"(anonymous_18)","decl":{"start":{"line":137,"column":473},"end":{"line":137,"column":474}},"loc":{"start":{"line":137,"column":482},"end":{"line":137,"column":535}},"line":137},"19":{"name":"(anonymous_19)","decl":{"start":{"line":137,"column":537},"end":{"line":137,"column":538}},"loc":{"start":{"line":137,"column":546},"end":{"line":137,"column":601}},"line":137},"20":{"name":"(anonymous_20)","decl":{"start":{"line":137,"column":603},"end":{"line":137,"column":604}},"loc":{"start":{"line":137,"column":612},"end":{"line":137,"column":668}},"line":137},"21":{"name":"(anonymous_21)","decl":{"start":{"line":139,"column":18},"end":{"line":139,"column":19}},"loc":{"start":{"line":146,"column":6},"end":{"line":201,"column":1}},"line":146},"22":{"name":"(anonymous_22)","decl":{"start":{"line":151,"column":12},"end":{"line":151,"column":13}},"loc":{"start":{"line":151,"column":18},"end":{"line":163,"column":3}},"line":151},"23":{"name":"(anonymous_23)","decl":{"start":{"line":157,"column":11},"end":{"line":157,"column":12}},"loc":{"start":{"line":157,"column":17},"end":{"line":162,"column":5}},"line":157},"24":{"name":"(anonymous_24)","decl":{"start":{"line":164,"column":12},"end":{"line":164,"column":13}},"loc":{"start":{"line":164,"column":18},"end":{"line":174,"column":3}},"line":164},"25":{"name":"(anonymous_25)","decl":{"start":{"line":167,"column":90},"end":{"line":167,"column":91}},"loc":{"start":{"line":167,"column":101},"end":{"line":172,"column":7}},"line":167},"26":{"name":"(anonymous_26)","decl":{"start":{"line":193,"column":13},"end":{"line":193,"column":14}},"loc":{"start":{"line":193,"column":19},"end":{"line":193,"column":62}},"line":193},"27":{"name":"(anonymous_27)","decl":{"start":{"line":193,"column":34},"end":{"line":193,"column":35}},"loc":{"start":{"line":193,"column":49},"end":{"line":193,"column":61}},"line":193}},"branchMap":{"0":{"loc":{"start":{"line":19,"column":2},"end":{"line":21,"column":3}},"type":"if","locations":[{"start":{"line":19,"column":2},"end":{"line":21,"column":3}},{"start":{},"end":{}}],"line":19},"1":{"loc":{"start":{"line":23,"column":2},"end":{"line":25,"column":3}},"type":"if","locations":[{"start":{"line":23,"column":2},"end":{"line":25,"column":3}},{"start":{},"end":{}}],"line":23},"2":{"loc":{"start":{"line":27,"column":2},"end":{"line":29,"column":3}},"type":"if","locations":[{"start":{"line":27,"column":2},"end":{"line":29,"column":3}},{"start":{},"end":{}}],"line":27},"3":{"loc":{"start":{"line":37,"column":156},"end":{"line":37,"column":196}},"type":"cond-expr","locations":[{"start":{"line":37,"column":184},"end":{"line":37,"column":187}},{"start":{"line":37,"column":190},"end":{"line":37,"column":196}}],"line":37},"4":{"loc":{"start":{"line":40,"column":2},"end":{"line":42,"column":3}},"type":"if","locations":[{"start":{"line":40,"column":2},"end":{"line":42,"column":3}},{"start":{},"end":{}}],"line":40},"5":{"loc":{"start":{"line":44,"column":2},"end":{"line":46,"column":3}},"type":"if","locations":[{"start":{"line":44,"column":2},"end":{"line":46,"column":3}},{"start":{},"end":{}}],"line":44},"6":{"loc":{"start":{"line":48,"column":2},"end":{"line":50,"column":3}},"type":"if","locations":[{"start":{"line":48,"column":2},"end":{"line":50,"column":3}},{"start":{},"end":{}}],"line":48},"7":{"loc":{"start":{"line":58,"column":1758},"end":{"line":58,"column":1798}},"type":"cond-expr","locations":[{"start":{"line":58,"column":1783},"end":{"line":58,"column":1789}},{"start":{"line":58,"column":1792},"end":{"line":58,"column":1798}}],"line":58},"8":{"loc":{"start":{"line":59,"column":2},"end":{"line":61,"column":3}},"type":"if","locations":[{"start":{"line":59,"column":2},"end":{"line":61,"column":3}},{"start":{},"end":{}}],"line":59},"9":{"loc":{"start":{"line":59,"column":6},"end":{"line":59,"column":69}},"type":"binary-expr","locations":[{"start":{"line":59,"column":6},"end":{"line":59,"column":35}},{"start":{"line":59,"column":39},"end":{"line":59,"column":69}}],"line":59},"10":{"loc":{"start":{"line":64,"column":33},"end":{"line":64,"column":73}},"type":"cond-expr","locations":[{"start":{"line":64,"column":58},"end":{"line":64,"column":64}},{"start":{"line":64,"column":67},"end":{"line":64,"column":73}}],"line":64},"11":{"loc":{"start":{"line":64,"column":84},"end":{"line":64,"column":124}},"type":"cond-expr","locations":[{"start":{"line":64,"column":109},"end":{"line":64,"column":115}},{"start":{"line":64,"column":118},"end":{"line":64,"column":124}}],"line":64},"12":{"loc":{"start":{"line":64,"column":135},"end":{"line":64,"column":227}},"type":"binary-expr","locations":[{"start":{"line":64,"column":135},"end":{"line":64,"column":154}},{"start":{"line":64,"column":158},"end":{"line":64,"column":175}},{"start":{"line":64,"column":179},"end":{"line":64,"column":208}},{"start":{"line":64,"column":212},"end":{"line":64,"column":227}}],"line":64},"13":{"loc":{"start":{"line":67,"column":2},"end":{"line":69,"column":3}},"type":"if","locations":[{"start":{"line":67,"column":2},"end":{"line":69,"column":3}},{"start":{},"end":{}}],"line":67},"14":{"loc":{"start":{"line":71,"column":2},"end":{"line":77,"column":3}},"type":"if","locations":[{"start":{"line":71,"column":2},"end":{"line":77,"column":3}},{"start":{},"end":{}}],"line":71},"15":{"loc":{"start":{"line":72,"column":4},"end":{"line":76,"column":5}},"type":"if","locations":[{"start":{"line":72,"column":4},"end":{"line":76,"column":5}},{"start":{"line":74,"column":11},"end":{"line":76,"column":5}}],"line":72},"16":{"loc":{"start":{"line":83,"column":2},"end":{"line":89,"column":3}},"type":"if","locations":[{"start":{"line":83,"column":2},"end":{"line":89,"column":3}},{"start":{},"end":{}}],"line":83},"17":{"loc":{"start":{"line":84,"column":4},"end":{"line":88,"column":5}},"type":"if","locations":[{"start":{"line":84,"column":4},"end":{"line":88,"column":5}},{"start":{"line":86,"column":11},"end":{"line":88,"column":5}}],"line":84},"18":{"loc":{"start":{"line":91,"column":2},"end":{"line":97,"column":3}},"type":"if","locations":[{"start":{"line":91,"column":2},"end":{"line":97,"column":3}},{"start":{},"end":{}}],"line":91},"19":{"loc":{"start":{"line":92,"column":4},"end":{"line":96,"column":5}},"type":"if","locations":[{"start":{"line":92,"column":4},"end":{"line":96,"column":5}},{"start":{"line":94,"column":11},"end":{"line":96,"column":5}}],"line":92},"20":{"loc":{"start":{"line":103,"column":2},"end":{"line":105,"column":3}},"type":"if","locations":[{"start":{"line":103,"column":2},"end":{"line":105,"column":3}},{"start":{},"end":{}}],"line":103},"21":{"loc":{"start":{"line":107,"column":2},"end":{"line":109,"column":3}},"type":"if","locations":[{"start":{"line":107,"column":2},"end":{"line":109,"column":3}},{"start":{},"end":{}}],"line":107},"22":{"loc":{"start":{"line":107,"column":6},"end":{"line":107,"column":41}},"type":"binary-expr","locations":[{"start":{"line":107,"column":6},"end":{"line":107,"column":18}},{"start":{"line":107,"column":22},"end":{"line":107,"column":41}}],"line":107},"23":{"loc":{"start":{"line":115,"column":2},"end":{"line":117,"column":3}},"type":"if","locations":[{"start":{"line":115,"column":2},"end":{"line":117,"column":3}},{"start":{},"end":{}}],"line":115},"24":{"loc":{"start":{"line":115,"column":6},"end":{"line":115,"column":40}},"type":"binary-expr","locations":[{"start":{"line":115,"column":6},"end":{"line":115,"column":17}},{"start":{"line":115,"column":21},"end":{"line":115,"column":40}}],"line":115},"25":{"loc":{"start":{"line":123,"column":2},"end":{"line":129,"column":3}},"type":"if","locations":[{"start":{"line":123,"column":2},"end":{"line":129,"column":3}},{"start":{},"end":{}}],"line":123},"26":{"loc":{"start":{"line":124,"column":4},"end":{"line":128,"column":5}},"type":"if","locations":[{"start":{"line":124,"column":4},"end":{"line":128,"column":5}},{"start":{"line":126,"column":11},"end":{"line":128,"column":5}}],"line":124},"27":{"loc":{"start":{"line":137,"column":368},"end":{"line":137,"column":405}},"type":"cond-expr","locations":[{"start":{"line":137,"column":390},"end":{"line":137,"column":396}},{"start":{"line":137,"column":399},"end":{"line":137,"column":405}}],"line":137},"28":{"loc":{"start":{"line":143,"column":2},"end":{"line":143,"column":26}},"type":"default-arg","locations":[{"start":{"line":143,"column":18},"end":{"line":143,"column":26}}],"line":143},"29":{"loc":{"start":{"line":144,"column":2},"end":{"line":144,"column":17}},"type":"default-arg","locations":[{"start":{"line":144,"column":9},"end":{"line":144,"column":17}}],"line":144},"30":{"loc":{"start":{"line":145,"column":2},"end":{"line":145,"column":17}},"type":"default-arg","locations":[{"start":{"line":145,"column":9},"end":{"line":145,"column":17}}],"line":145},"31":{"loc":{"start":{"line":153,"column":4},"end":{"line":155,"column":5}},"type":"if","locations":[{"start":{"line":153,"column":4},"end":{"line":155,"column":5}},{"start":{},"end":{}}],"line":153},"32":{"loc":{"start":{"line":153,"column":8},"end":{"line":153,"column":44}},"type":"binary-expr","locations":[{"start":{"line":153,"column":8},"end":{"line":153,"column":20}},{"start":{"line":153,"column":24},"end":{"line":153,"column":44}}],"line":153},"33":{"loc":{"start":{"line":159,"column":6},"end":{"line":161,"column":7}},"type":"if","locations":[{"start":{"line":159,"column":6},"end":{"line":161,"column":7}},{"start":{},"end":{}}],"line":159},"34":{"loc":{"start":{"line":159,"column":10},"end":{"line":159,"column":46}},"type":"binary-expr","locations":[{"start":{"line":159,"column":10},"end":{"line":159,"column":22}},{"start":{"line":159,"column":26},"end":{"line":159,"column":46}}],"line":159},"35":{"loc":{"start":{"line":166,"column":4},"end":{"line":173,"column":5}},"type":"if","locations":[{"start":{"line":166,"column":4},"end":{"line":173,"column":5}},{"start":{},"end":{}}],"line":166},"36":{"loc":{"start":{"line":166,"column":8},"end":{"line":166,"column":118}},"type":"binary-expr","locations":[{"start":{"line":166,"column":8},"end":{"line":166,"column":28}},{"start":{"line":166,"column":32},"end":{"line":166,"column":66}},{"start":{"line":166,"column":70},"end":{"line":166,"column":118}}],"line":166},"37":{"loc":{"start":{"line":168,"column":8},"end":{"line":171,"column":9}},"type":"if","locations":[{"start":{"line":168,"column":8},"end":{"line":171,"column":9}},{"start":{},"end":{}}],"line":168},"38":{"loc":{"start":{"line":168,"column":12},"end":{"line":168,"column":63}},"type":"binary-expr","locations":[{"start":{"line":168,"column":12},"end":{"line":168,"column":33}},{"start":{"line":168,"column":37},"end":{"line":168,"column":63}}],"line":168},"39":{"loc":{"start":{"line":179,"column":5},"end":{"line":185,"column":12}},"type":"cond-expr","locations":[{"start":{"line":179,"column":40},"end":{"line":185,"column":5}},{"start":{"line":185,"column":8},"end":{"line":185,"column":12}}],"line":179},"40":{"loc":{"start":{"line":183,"column":5},"end":{"line":183,"column":70}},"type":"binary-expr","locations":[{"start":{"line":183,"column":5},"end":{"line":183,"column":12}},{"start":{"line":183,"column":29},"end":{"line":183,"column":70}}],"line":183},"41":{"loc":{"start":{"line":183,"column":72},"end":{"line":185,"column":4}},"type":"binary-expr","locations":[{"start":{"line":183,"column":72},"end":{"line":183,"column":80}},{"start":{"line":183,"column":97},"end":{"line":185,"column":4}}],"line":183},"42":{"loc":{"start":{"line":190,"column":15},"end":{"line":190,"column":41}},"type":"cond-expr","locations":[{"start":{"line":190,"column":27},"end":{"line":190,"column":36}},{"start":{"line":190,"column":39},"end":{"line":190,"column":41}}],"line":190},"43":{"loc":{"start":{"line":191,"column":16},"end":{"line":191,"column":44}},"type":"cond-expr","locations":[{"start":{"line":191,"column":29},"end":{"line":191,"column":39}},{"start":{"line":191,"column":42},"end":{"line":191,"column":44}}],"line":191},"44":{"loc":{"start":{"line":194,"column":5},"end":{"line":194,"column":42}},"type":"cond-expr","locations":[{"start":{"line":194,"column":20},"end":{"line":194,"column":29}},{"start":{"line":194,"column":32},"end":{"line":194,"column":42}}],"line":194},"45":{"loc":{"start":{"line":194,"column":91},"end":{"line":200,"column":12}},"type":"cond-expr","locations":[{"start":{"line":194,"column":124},"end":{"line":200,"column":5}},{"start":{"line":200,"column":8},"end":{"line":200,"column":12}}],"line":194},"46":{"loc":{"start":{"line":198,"column":5},"end":{"line":198,"column":70}},"type":"binary-expr","locations":[{"start":{"line":198,"column":5},"end":{"line":198,"column":12}},{"start":{"line":198,"column":29},"end":{"line":198,"column":70}}],"line":198},"47":{"loc":{"start":{"line":198,"column":72},"end":{"line":200,"column":4}},"type":"binary-expr","locations":[{"start":{"line":198,"column":72},"end":{"line":198,"column":80}},{"start":{"line":198,"column":97},"end":{"line":200,"column":4}}],"line":198}},"s":{"0":2,"1":2,"2":2,"3":0,"4":0,"5":0,"6":0,"7":0,"8":0,"9":0,"10":2,"11":0,"12":0,"13":2,"14":0,"15":0,"16":0,"17":0,"18":0,"19":0,"20":0,"21":2,"22":0,"23":0,"24":0,"25":0,"26":0,"27":0,"28":0,"29":0,"30":2,"31":0,"32":0,"33":0,"34":0,"35":0,"36":0,"37":0,"38":2,"39":0,"40":0,"41":0,"42":0,"43":0,"44":0,"45":0,"46":0,"47":0,"48":2,"49":0,"50":0,"51":0,"52":0,"53":0,"54":2,"55":0,"56":0,"57":0,"58":2,"59":0,"60":0,"61":0,"62":0,"63":0,"64":2,"65":0,"66":0,"67":0,"68":0,"69":0,"70":0,"71":2,"72":2,"73":2,"74":2,"75":2,"76":0,"77":0,"78":0,"79":0,"80":0,"81":2,"82":0,"83":0,"84":0,"85":0,"86":0,"87":2,"88":0,"89":0},"f":{"0":0,"1":0,"2":0,"3":0,"4":0,"5":0,"6":0,"7":0,"8":0,"9":0,"10":0,"11":0,"12":0,"13":0,"14":0,"15":0,"16":0,"17":0,"18":0,"19":0,"20":0,"21":2,"22":0,"23":0,"24":0,"25":0,"26":0,"27":0},"b":{"0":[0,0],"1":[0,0],"2":[0,0],"3":[0,0],"4":[0,0],"5":[0,0],"6":[0,0],"7":[0,0],"8":[0,0],"9":[0,0],"10":[0,0],"11":[0,0],"12":[0,0,0,0],"13":[0,0],"14":[0,0],"15":[0,0],"16":[0,0],"17":[0,0],"18":[0,0],"19":[0,0],"20":[0,0],"21":[0,0],"22":[0,0],"23":[0,0],"24":[0,0],"25":[0,0],"26":[0,0],"27":[0,0],"28":[2],"29":[2],"30":[2],"31":[0,0],"32":[0,0],"33":[0,0],"34":[0,0],"35":[0,0],"36":[0,0,0],"37":[0,0],"38":[0,0],"39":[0,2],"40":[0,0],"41":[0,0],"42":[0,2],"43":[0,2],"44":[2,0],"45":[2,0],"46":[2,0],"47":[2,2]},"_coverageSchema":"1a1c01bbd47fc00a2c39e90264f33305004495a9","hash":"44f739baab212725046e04b5906530aeb090df61"}
,"/Users/fs/Documents/Kode/Hafslund/designsystem/packages/components/components/elvis-toolbox/dist/elvis-toolbox.js": {"path":"/Users/fs/Documents/Kode/Hafslund/designsystem/packages/components/components/elvis-toolbox/dist/elvis-toolbox.js","statementMap":{"0":{"start":{"line":2,"column":0},"end":{"line":2,"column":62}},"1":{"start":{"line":3,"column":15},"end":{"line":3,"column":32}},"2":{"start":{"line":4,"column":21},"end":{"line":6,"column":1}},"3":{"start":{"line":5,"column":4},"end":{"line":5,"column":56}},"4":{"start":{"line":7,"column":22},"end":{"line":34,"column":1}},"5":{"start":{"line":8,"column":4},"end":{"line":10,"column":5}},"6":{"start":{"line":9,"column":8},"end":{"line":9,"column":15}},"7":{"start":{"line":11,"column":21},"end":{"line":17,"column":5}},"8":{"start":{"line":12,"column":8},"end":{"line":16,"column":9}},"9":{"start":{"line":13,"column":12},"end":{"line":13,"column":55}},"10":{"start":{"line":15,"column":12},"end":{"line":15,"column":72}},"11":{"start":{"line":18,"column":24},"end":{"line":24,"column":5}},"12":{"start":{"line":19,"column":8},"end":{"line":23,"column":9}},"13":{"start":{"line":20,"column":12},"end":{"line":20,"column":52}},"14":{"start":{"line":22,"column":12},"end":{"line":22,"column":75}},"15":{"start":{"line":26,"column":4},"end":{"line":30,"column":5}},"16":{"start":{"line":27,"column":8},"end":{"line":27,"column":59}},"17":{"start":{"line":28,"column":8},"end":{"line":28,"column":71}},"18":{"start":{"line":29,"column":8},"end":{"line":29,"column":15}},"19":{"start":{"line":32,"column":4},"end":{"line":32,"column":52}},"20":{"start":{"line":33,"column":4},"end":{"line":33,"column":64}},"21":{"start":{"line":35,"column":0},"end":{"line":35,"column":81}}},"fnMap":{"0":{"name":"(anonymous_0)","decl":{"start":{"line":4,"column":21},"end":{"line":4,"column":22}},"loc":{"start":{"line":4,"column":53},"end":{"line":6,"column":1}},"line":4},"1":{"name":"(anonymous_1)","decl":{"start":{"line":7,"column":22},"end":{"line":7,"column":23}},"loc":{"start":{"line":7,"column":50},"end":{"line":34,"column":1}},"line":7},"2":{"name":"(anonymous_2)","decl":{"start":{"line":11,"column":21},"end":{"line":11,"column":22}},"loc":{"start":{"line":11,"column":34},"end":{"line":17,"column":5}},"line":11},"3":{"name":"(anonymous_3)","decl":{"start":{"line":18,"column":24},"end":{"line":18,"column":25}},"loc":{"start":{"line":18,"column":36},"end":{"line":24,"column":5}},"line":18}},"branchMap":{"0":{"loc":{"start":{"line":8,"column":4},"end":{"line":10,"column":5}},"type":"if","locations":[{"start":{"line":8,"column":4},"end":{"line":10,"column":5}},{"start":{},"end":{}}],"line":8},"1":{"loc":{"start":{"line":12,"column":8},"end":{"line":16,"column":9}},"type":"if","locations":[{"start":{"line":12,"column":8},"end":{"line":16,"column":9}},{"start":{},"end":{}}],"line":12},"2":{"loc":{"start":{"line":12,"column":12},"end":{"line":12,"column":75}},"type":"binary-expr","locations":[{"start":{"line":12,"column":12},"end":{"line":12,"column":27}},{"start":{"line":12,"column":31},"end":{"line":12,"column":75}}],"line":12},"3":{"loc":{"start":{"line":19,"column":8},"end":{"line":23,"column":9}},"type":"if","locations":[{"start":{"line":19,"column":8},"end":{"line":23,"column":9}},{"start":{},"end":{}}],"line":19},"4":{"loc":{"start":{"line":26,"column":4},"end":{"line":30,"column":5}},"type":"if","locations":[{"start":{"line":26,"column":4},"end":{"line":30,"column":5}},{"start":{},"end":{}}],"line":26}},"s":{"0":2,"1":2,"2":2,"3":0,"4":2,"5":0,"6":0,"7":0,"8":0,"9":0,"10":0,"11":0,"12":0,"13":0,"14":0,"15":0,"16":0,"17":0,"18":0,"19":0,"20":0,"21":2},"f":{"0":0,"1":0,"2":0,"3":0},"b":{"0":[0,0],"1":[0,0],"2":[0,0],"3":[0,0],"4":[0,0]},"_coverageSchema":"1a1c01bbd47fc00a2c39e90264f33305004495a9","hash":"cbd65a69bbf8db5a9570c871ec780f48b5acc97d"}
}
