TN:
SF:components/elvis-accordion/react.js
FNF:0
FNH:0
LF:0
LH:0
BRF:0
BRH:0
end_of_record
TN:
SF:components/elvis-accordion/dist/react/js/elvia-accordion.js
FN:18,(anonymous_0)
FN:37,(anonymous_1)
FN:37,(anonymous_2)
FN:39,(anonymous_3)
FN:58,(anonymous_4)
FN:58,(anonymous_5)
FN:58,(anonymous_6)
FN:64,(anonymous_7)
FN:64,(anonymous_8)
FN:64,(anonymous_9)
FN:66,(anonymous_10)
FN:82,(anonymous_11)
FN:102,(anonymous_12)
FN:114,(anonymous_13)
FN:122,(anonymous_14)
FN:137,(anonymous_15)
FN:137,(anonymous_16)
FN:137,(anonymous_17)
FN:137,(anonymous_18)
FN:137,(anonymous_19)
FN:137,(anonymous_20)
FN:139,(anonymous_21)
FN:151,(anonymous_22)
FN:157,(anonymous_23)
FN:164,(anonymous_24)
FN:167,(anonymous_25)
FN:193,(anonymous_26)
FN:193,(anonymous_27)
FNF:28
FNH:1
FNDA:0,(anonymous_0)
FNDA:0,(anonymous_1)
FNDA:0,(anonymous_2)
FNDA:0,(anonymous_3)
FNDA:0,(anonymous_4)
FNDA:0,(anonymous_5)
FNDA:0,(anonymous_6)
FNDA:0,(anonymous_7)
FNDA:0,(anonymous_8)
FNDA:0,(anonymous_9)
FNDA:0,(anonymous_10)
FNDA:0,(anonymous_11)
FNDA:0,(anonymous_12)
FNDA:0,(anonymous_13)
FNDA:0,(anonymous_14)
FNDA:0,(anonymous_15)
FNDA:0,(anonymous_16)
FNDA:0,(anonymous_17)
FNDA:0,(anonymous_18)
FNDA:0,(anonymous_19)
FNDA:0,(anonymous_20)
FNDA:2,(anonymous_21)
FNDA:0,(anonymous_22)
FNDA:0,(anonymous_23)
FNDA:0,(anonymous_24)
FNDA:0,(anonymous_25)
FNDA:0,(anonymous_26)
FNDA:0,(anonymous_27)
DA:8,2
DA:13,2
DA:18,2
DA:19,0
DA:20,0
DA:23,0
DA:24,0
DA:27,0
DA:28,0
DA:31,0
DA:34,2
DA:37,0
DA:39,2
DA:40,0
DA:41,0
DA:44,0
DA:45,0
DA:48,0
DA:49,0
DA:52,0
DA:55,2
DA:58,0
DA:59,0
DA:60,0
DA:63,0
DA:64,0
DA:66,2
DA:67,0
DA:68,0
DA:71,0
DA:72,0
DA:73,0
DA:75,0
DA:79,0
DA:82,2
DA:83,0
DA:84,0
DA:85,0
DA:87,0
DA:91,0
DA:92,0
DA:93,0
DA:95,0
DA:99,0
DA:102,2
DA:103,0
DA:104,0
DA:107,0
DA:108,0
DA:111,0
DA:114,2
DA:115,0
DA:116,0
DA:119,0
DA:122,2
DA:123,0
DA:124,0
DA:125,0
DA:127,0
DA:131,0
DA:134,2
DA:137,0
DA:139,2
DA:147,2
DA:148,2
DA:149,2
DA:151,2
DA:153,0
DA:154,0
DA:157,0
DA:159,0
DA:160,0
DA:164,2
DA:166,0
DA:167,0
DA:168,0
DA:169,0
DA:170,0
DA:175,2
DA:193,0
LF:80
LH:19
BRDA:19,0,0,0
BRDA:19,0,1,0
BRDA:23,1,0,0
BRDA:23,1,1,0
BRDA:27,2,0,0
BRDA:27,2,1,0
BRDA:37,3,0,0
BRDA:37,3,1,0
BRDA:40,4,0,0
BRDA:40,4,1,0
BRDA:44,5,0,0
BRDA:44,5,1,0
BRDA:48,6,0,0
BRDA:48,6,1,0
BRDA:58,7,0,0
BRDA:58,7,1,0
BRDA:59,8,0,0
BRDA:59,8,1,0
BRDA:59,9,0,0
BRDA:59,9,1,0
BRDA:64,10,0,0
BRDA:64,10,1,0
BRDA:64,11,0,0
BRDA:64,11,1,0
BRDA:64,12,0,0
BRDA:64,12,1,0
BRDA:64,12,2,0
BRDA:64,12,3,0
BRDA:67,13,0,0
BRDA:67,13,1,0
BRDA:71,14,0,0
BRDA:71,14,1,0
BRDA:72,15,0,0
BRDA:72,15,1,0
BRDA:83,16,0,0
BRDA:83,16,1,0
BRDA:84,17,0,0
BRDA:84,17,1,0
BRDA:91,18,0,0
BRDA:91,18,1,0
BRDA:92,19,0,0
BRDA:92,19,1,0
BRDA:103,20,0,0
BRDA:103,20,1,0
BRDA:107,21,0,0
BRDA:107,21,1,0
BRDA:107,22,0,0
BRDA:107,22,1,0
BRDA:115,23,0,0
BRDA:115,23,1,0
BRDA:115,24,0,0
BRDA:115,24,1,0
BRDA:123,25,0,0
BRDA:123,25,1,0
BRDA:124,26,0,0
BRDA:124,26,1,0
BRDA:137,27,0,0
BRDA:137,27,1,0
BRDA:143,28,0,2
BRDA:144,29,0,2
BRDA:145,30,0,2
BRDA:153,31,0,0
BRDA:153,31,1,0
BRDA:153,32,0,0
BRDA:153,32,1,0
BRDA:159,33,0,0
BRDA:159,33,1,0
BRDA:159,34,0,0
BRDA:159,34,1,0
BRDA:166,35,0,0
BRDA:166,35,1,0
BRDA:166,36,0,0
BRDA:166,36,1,0
BRDA:166,36,2,0
BRDA:168,37,0,0
BRDA:168,37,1,0
BRDA:168,38,0,0
BRDA:168,38,1,0
BRDA:179,39,0,0
BRDA:179,39,1,2
BRDA:183,40,0,0
BRDA:183,40,1,0
BRDA:183,41,0,0
BRDA:183,41,1,0
BRDA:190,42,0,0
BRDA:190,42,1,2
BRDA:191,43,0,0
BRDA:191,43,1,2
BRDA:194,44,0,2
BRDA:194,44,1,0
BRDA:194,45,0,2
BRDA:194,45,1,0
BRDA:198,46,0,2
BRDA:198,46,1,0
BRDA:198,47,0,2
BRDA:198,47,1,2
BRF:96
BRH:11
end_of_record
TN:
SF:components/elvis-toolbox/dist/elvis-toolbox.js
FN:4,(anonymous_0)
FN:7,(anonymous_1)
FN:11,(anonymous_2)
FN:18,(anonymous_3)
FNF:4
FNH:0
FNDA:0,(anonymous_0)
FNDA:0,(anonymous_1)
FNDA:0,(anonymous_2)
FNDA:0,(anonymous_3)
DA:2,2
DA:3,2
DA:4,2
DA:5,0
DA:7,2
DA:8,0
DA:9,0
DA:11,0
DA:12,0
DA:13,0
DA:15,0
DA:18,0
DA:19,0
DA:20,0
DA:22,0
DA:26,0
DA:27,0
DA:28,0
DA:29,0
DA:32,0
DA:33,0
DA:35,2
LF:22
LH:5
BRDA:8,0,0,0
BRDA:8,0,1,0
BRDA:12,1,0,0
BRDA:12,1,1,0
BRDA:12,2,0,0
BRDA:12,2,1,0
BRDA:19,3,0,0
BRDA:19,3,1,0
BRDA:26,4,0,0
BRDA:26,4,1,0
BRF:10
BRH:0
end_of_record
